c:\users\s200500\documents\physicsproject\aiebootstrap-master\aiebootstrap-master\aiebootstrap-master\temp\physics project\x64\debug\vc142.pdb
c:\users\s200500\desktop\yes\aiebootstrap-master\aiebootstrap-master\aiebootstrap-master\temp\physics project\x64\debug\vc142.pdb
c:\users\s200500\desktop\yes\aiebootstrap-master\aiebootstrap-master\aiebootstrap-master\temp\physics project\x64\debug\vc142.idb
c:\users\s200500\desktop\yes\aiebootstrap-master\aiebootstrap-master\aiebootstrap-master\temp\physics project\x64\debug\box.sbr
c:\users\s200500\desktop\yes\aiebootstrap-master\aiebootstrap-master\aiebootstrap-master\temp\physics project\x64\debug\game.sbr
c:\users\s200500\desktop\yes\aiebootstrap-master\aiebootstrap-master\aiebootstrap-master\temp\physics project\x64\debug\physicsobject.sbr
c:\users\s200500\desktop\yes\aiebootstrap-master\aiebootstrap-master\aiebootstrap-master\temp\physics project\x64\debug\physicsscene.sbr
c:\users\s200500\desktop\yes\aiebootstrap-master\aiebootstrap-master\aiebootstrap-master\temp\physics project\x64\debug\physics_projectapp.sbr
c:\users\s200500\desktop\yes\aiebootstrap-master\aiebootstrap-master\aiebootstrap-master\temp\physics project\x64\debug\main.sbr
c:\users\s200500\desktop\yes\aiebootstrap-master\aiebootstrap-master\aiebootstrap-master\temp\physics project\x64\debug\plane.sbr
c:\users\s200500\desktop\yes\aiebootstrap-master\aiebootstrap-master\aiebootstrap-master\temp\physics project\x64\debug\rigidbody.sbr
c:\users\s200500\desktop\yes\aiebootstrap-master\aiebootstrap-master\aiebootstrap-master\temp\physics project\x64\debug\sphere.sbr
c:\users\s200500\desktop\yes\aiebootstrap-master\aiebootstrap-master\aiebootstrap-master\temp\physics project\x64\debug\spring.sbr
c:\users\s200500\desktop\yes\aiebootstrap-master\aiebootstrap-master\aiebootstrap-master\temp\physics project\x64\debug\spring.obj
c:\users\s200500\desktop\yes\aiebootstrap-master\aiebootstrap-master\aiebootstrap-master\temp\physics project\x64\debug\sphere.obj
c:\users\s200500\desktop\yes\aiebootstrap-master\aiebootstrap-master\aiebootstrap-master\temp\physics project\x64\debug\rigidbody.obj
c:\users\s200500\desktop\yes\aiebootstrap-master\aiebootstrap-master\aiebootstrap-master\temp\physics project\x64\debug\plane.obj
c:\users\s200500\desktop\yes\aiebootstrap-master\aiebootstrap-master\aiebootstrap-master\temp\physics project\x64\debug\main.obj
c:\users\s200500\desktop\yes\aiebootstrap-master\aiebootstrap-master\aiebootstrap-master\temp\physics project\x64\debug\physics_projectapp.obj
c:\users\s200500\desktop\yes\aiebootstrap-master\aiebootstrap-master\aiebootstrap-master\temp\physics project\x64\debug\physicsscene.obj
c:\users\s200500\desktop\yes\aiebootstrap-master\aiebootstrap-master\aiebootstrap-master\temp\physics project\x64\debug\physicsobject.obj
c:\users\s200500\desktop\yes\aiebootstrap-master\aiebootstrap-master\aiebootstrap-master\temp\physics project\x64\debug\game.obj
c:\users\s200500\desktop\yes\aiebootstrap-master\aiebootstrap-master\aiebootstrap-master\temp\physics project\x64\debug\box.obj
c:\users\s200500\documents\physicsproject\aiebootstrap-master\aiebootstrap-master\aiebootstrap-master\temp\physics project\x64\debug\physics project.ilk
c:\users\s200500\documents\physicsproject\aiebootstrap-master\aiebootstrap-master\aiebootstrap-master\temp\physics project\x64\debug\physics project.exe
c:\users\s200500\documents\physicsproject\aiebootstrap-master\aiebootstrap-master\aiebootstrap-master\temp\physics project\x64\debug\physics project.pdb
c:\users\s200500\desktop\yes\aiebootstrap-master\aiebootstrap-master\aiebootstrap-master\temp\physics project\x64\debug\physics project.exe
c:\users\s200500\desktop\yes\aiebootstrap-master\aiebootstrap-master\aiebootstrap-master\temp\physics project\x64\debug\physics project.ilk
c:\users\s200500\desktop\yes\aiebootstrap-master\aiebootstrap-master\aiebootstrap-master\temp\physics project\x64\debug\physics project.pdb
c:\users\s200500\desktop\yes\aiebootstrap-master\aiebootstrap-master\physicsproject\temp\physics project\x64\debug\box.obj
c:\users\s200500\desktop\yes\aiebootstrap-master\aiebootstrap-master\physicsproject\temp\physics project\x64\debug\game.obj
c:\users\s200500\desktop\yes\aiebootstrap-master\aiebootstrap-master\physicsproject\temp\physics project\x64\debug\main.obj
c:\users\s200500\desktop\yes\aiebootstrap-master\aiebootstrap-master\physicsproject\temp\physics project\x64\debug\physicsobject.obj
c:\users\s200500\desktop\yes\aiebootstrap-master\aiebootstrap-master\physicsproject\temp\physics project\x64\debug\physicsscene.obj
c:\users\s200500\desktop\yes\aiebootstrap-master\aiebootstrap-master\physicsproject\temp\physics project\x64\debug\physics_projectapp.obj
c:\users\s200500\desktop\yes\aiebootstrap-master\aiebootstrap-master\physicsproject\temp\physics project\x64\debug\plane.obj
c:\users\s200500\desktop\yes\aiebootstrap-master\aiebootstrap-master\physicsproject\temp\physics project\x64\debug\rigidbody.obj
c:\users\s200500\desktop\yes\aiebootstrap-master\aiebootstrap-master\physicsproject\temp\physics project\x64\debug\sphere.obj
c:\users\s200500\desktop\yes\aiebootstrap-master\aiebootstrap-master\physicsproject\temp\physics project\x64\debug\spring.obj
c:\users\s200500\desktop\yes\aiebootstrap-master\aiebootstrap-master\physicsproject\temp\physics project\x64\debug\physics project.ilk
c:\users\s200500\desktop\yes\aiebootstrap-master\aiebootstrap-master\physicsproject\temp\physics project\x64\debug\vc142.idb
c:\users\s200500\desktop\yes\aiebootstrap-master\aiebootstrap-master\physicsproject\temp\physics project\x64\debug\physics project.pdb
c:\users\s200500\desktop\yes\aiebootstrap-master\aiebootstrap-master\physicsproject\temp\physics project\x64\debug\vc142.pdb
c:\users\s200500\desktop\yes\aiebootstrap-master\aiebootstrap-master\physicsproject\temp\physics project\x64\debug\physics project.bsc
c:\users\s200500\desktop\yes\aiebootstrap-master\aiebootstrap-master\physicsproject\temp\physics project\x64\debug\box.sbr
c:\users\s200500\desktop\yes\aiebootstrap-master\aiebootstrap-master\physicsproject\temp\physics project\x64\debug\game.sbr
c:\users\s200500\desktop\yes\aiebootstrap-master\aiebootstrap-master\physicsproject\temp\physics project\x64\debug\main.sbr
c:\users\s200500\desktop\yes\aiebootstrap-master\aiebootstrap-master\physicsproject\temp\physics project\x64\debug\physicsobject.sbr
c:\users\s200500\desktop\yes\aiebootstrap-master\aiebootstrap-master\physicsproject\temp\physics project\x64\debug\physicsscene.sbr
c:\users\s200500\desktop\yes\aiebootstrap-master\aiebootstrap-master\physicsproject\temp\physics project\x64\debug\physics_projectapp.sbr
c:\users\s200500\desktop\yes\aiebootstrap-master\aiebootstrap-master\physicsproject\temp\physics project\x64\debug\plane.sbr
c:\users\s200500\desktop\yes\aiebootstrap-master\aiebootstrap-master\physicsproject\temp\physics project\x64\debug\rigidbody.sbr
c:\users\s200500\desktop\yes\aiebootstrap-master\aiebootstrap-master\physicsproject\temp\physics project\x64\debug\sphere.sbr
c:\users\s200500\desktop\yes\aiebootstrap-master\aiebootstrap-master\physicsproject\temp\physics project\x64\debug\spring.sbr
c:\users\s200500\desktop\yes\aiebootstrap-master\aiebootstrap-master\physicsproject\temp\physics project\x64\debug\physics project.exe
c:\users\s200500\desktop\yes\aiebootstrap-master\aiebootstrap-master\physicsproject\temp\physics project\x64\debug\physics project.tlog\bscmake.command.1.tlog
c:\users\s200500\desktop\yes\aiebootstrap-master\aiebootstrap-master\physicsproject\temp\physics project\x64\debug\physics project.tlog\bscmake.read.1.tlog
c:\users\s200500\desktop\yes\aiebootstrap-master\aiebootstrap-master\physicsproject\temp\physics project\x64\debug\physics project.tlog\cl.command.1.tlog
c:\users\s200500\desktop\yes\aiebootstrap-master\aiebootstrap-master\physicsproject\temp\physics project\x64\debug\physics project.tlog\cl.read.1.tlog
c:\users\s200500\desktop\yes\aiebootstrap-master\aiebootstrap-master\physicsproject\temp\physics project\x64\debug\physics project.tlog\cl.write.1.tlog
c:\users\s200500\desktop\yes\aiebootstrap-master\aiebootstrap-master\physicsproject\temp\physics project\x64\debug\physics project.tlog\link.command.1.tlog
c:\users\s200500\desktop\yes\aiebootstrap-master\aiebootstrap-master\physicsproject\temp\physics project\x64\debug\physics project.tlog\link.read.1.tlog
c:\users\s200500\desktop\yes\aiebootstrap-master\aiebootstrap-master\physicsproject\temp\physics project\x64\debug\physics project.tlog\link.write.1.tlog
