c:\users\s200500\desktop\aiebootstrap-master\aiebootstrap-master\temp\project2d\x64\debug\vc142.pdb
c:\users\s200500\desktop\aiebootstrap-master\aiebootstrap-master\temp\project2d\x64\debug\vc142.idb
c:\users\s200500\desktop\aiebootstrap-master\aiebootstrap-master\temp\project2d\x64\debug\main.obj
c:\users\s200500\desktop\aiebootstrap-master\aiebootstrap-master\temp\project2d\x64\debug\application2d.obj
c:\users\s200500\desktop\aiebootstrap-master\aiebootstrap-master\temp\project2d\x64\debug\project2d.ilk
c:\users\s200500\desktop\aiebootstrap-master\aiebootstrap-master\temp\project2d\x64\debug\project2d.exe
c:\users\s200500\desktop\aiebootstrap-master\aiebootstrap-master\temp\project2d\x64\debug\project2d.pdb
c:\users\s200500\desktop\yes\aiebootstrap-master\aiebootstrap-master\physicsproject\temp\project2d\x64\debug\application2d.obj
c:\users\s200500\desktop\yes\aiebootstrap-master\aiebootstrap-master\physicsproject\temp\project2d\x64\debug\main.obj
c:\users\s200500\desktop\yes\aiebootstrap-master\aiebootstrap-master\physicsproject\temp\project2d\x64\debug\project2d.ilk
c:\users\s200500\desktop\yes\aiebootstrap-master\aiebootstrap-master\physicsproject\temp\project2d\x64\debug\vc142.idb
c:\users\s200500\desktop\yes\aiebootstrap-master\aiebootstrap-master\physicsproject\temp\project2d\x64\debug\project2d.pdb
c:\users\s200500\desktop\yes\aiebootstrap-master\aiebootstrap-master\physicsproject\temp\project2d\x64\debug\vc142.pdb
c:\users\s200500\desktop\yes\aiebootstrap-master\aiebootstrap-master\physicsproject\temp\project2d\x64\debug\application2d.sbr
c:\users\s200500\desktop\yes\aiebootstrap-master\aiebootstrap-master\physicsproject\temp\project2d\x64\debug\main.sbr
c:\users\s200500\desktop\yes\aiebootstrap-master\aiebootstrap-master\physicsproject\temp\project2d\x64\debug\project2d.exe
c:\users\s200500\desktop\yes\aiebootstrap-master\aiebootstrap-master\physicsproject\temp\project2d\x64\debug\project2d.tlog\cl.command.1.tlog
c:\users\s200500\desktop\yes\aiebootstrap-master\aiebootstrap-master\physicsproject\temp\project2d\x64\debug\project2d.tlog\cl.read.1.tlog
c:\users\s200500\desktop\yes\aiebootstrap-master\aiebootstrap-master\physicsproject\temp\project2d\x64\debug\project2d.tlog\cl.write.1.tlog
c:\users\s200500\desktop\yes\aiebootstrap-master\aiebootstrap-master\physicsproject\temp\project2d\x64\debug\project2d.tlog\link.command.1.tlog
c:\users\s200500\desktop\yes\aiebootstrap-master\aiebootstrap-master\physicsproject\temp\project2d\x64\debug\project2d.tlog\link.read.1.tlog
c:\users\s200500\desktop\yes\aiebootstrap-master\aiebootstrap-master\physicsproject\temp\project2d\x64\debug\project2d.tlog\link.write.1.tlog
