c:\users\s200500\desktop\yes\aiebootstrap-master\aiebootstrap-master\physicsproject\temp\bootstrap\x64\debug\bootstrap.pdb
c:\users\s200500\desktop\yes\aiebootstrap-master\aiebootstrap-master\physicsproject\temp\bootstrap\x64\debug\bootstrap.idb
c:\users\s200500\desktop\yes\aiebootstrap-master\aiebootstrap-master\physicsproject\temp\bootstrap\x64\debug\imgui.sbr
c:\users\s200500\desktop\yes\aiebootstrap-master\aiebootstrap-master\physicsproject\temp\bootstrap\x64\debug\imgui_draw.sbr
c:\users\s200500\desktop\yes\aiebootstrap-master\aiebootstrap-master\physicsproject\temp\bootstrap\x64\debug\application.sbr
c:\users\s200500\desktop\yes\aiebootstrap-master\aiebootstrap-master\physicsproject\temp\bootstrap\x64\debug\font.sbr
c:\users\s200500\desktop\yes\aiebootstrap-master\aiebootstrap-master\physicsproject\temp\bootstrap\x64\debug\gizmos.sbr
c:\users\s200500\desktop\yes\aiebootstrap-master\aiebootstrap-master\physicsproject\temp\bootstrap\x64\debug\imgui_glfw3.sbr
c:\users\s200500\desktop\yes\aiebootstrap-master\aiebootstrap-master\physicsproject\temp\bootstrap\x64\debug\input.sbr
c:\users\s200500\desktop\yes\aiebootstrap-master\aiebootstrap-master\physicsproject\temp\bootstrap\x64\debug\renderer2d.sbr
c:\users\s200500\desktop\yes\aiebootstrap-master\aiebootstrap-master\physicsproject\temp\bootstrap\x64\debug\texture.sbr
c:\users\s200500\desktop\yes\aiebootstrap-master\aiebootstrap-master\physicsproject\temp\bootstrap\x64\debug\texture.obj
c:\users\s200500\desktop\yes\aiebootstrap-master\aiebootstrap-master\physicsproject\temp\bootstrap\x64\debug\renderer2d.obj
c:\users\s200500\desktop\yes\aiebootstrap-master\aiebootstrap-master\physicsproject\temp\bootstrap\x64\debug\input.obj
c:\users\s200500\desktop\yes\aiebootstrap-master\aiebootstrap-master\physicsproject\temp\bootstrap\x64\debug\imgui_glfw3.obj
c:\users\s200500\desktop\yes\aiebootstrap-master\aiebootstrap-master\physicsproject\temp\bootstrap\x64\debug\gizmos.obj
c:\users\s200500\desktop\yes\aiebootstrap-master\aiebootstrap-master\physicsproject\temp\bootstrap\x64\debug\font.obj
c:\users\s200500\desktop\yes\aiebootstrap-master\aiebootstrap-master\physicsproject\temp\bootstrap\x64\debug\application.obj
c:\users\s200500\desktop\yes\aiebootstrap-master\aiebootstrap-master\physicsproject\temp\bootstrap\x64\debug\imgui_draw.obj
c:\users\s200500\desktop\yes\aiebootstrap-master\aiebootstrap-master\physicsproject\temp\bootstrap\x64\debug\imgui.obj
c:\users\s200500\desktop\yes\aiebootstrap-master\aiebootstrap-master\physicsproject\temp\bootstrap\x64\debug\gl_core_4_4.sbr
c:\users\s200500\desktop\yes\aiebootstrap-master\aiebootstrap-master\physicsproject\temp\bootstrap\x64\debug\gl_core_4_4.obj
c:\users\s200500\desktop\yes\aiebootstrap-master\aiebootstrap-master\physicsproject\temp\bootstrap\x64\debug\bootstrap.lib
c:\users\s200500\desktop\yes\aiebootstrap-master\aiebootstrap-master\physicsproject\temp\bootstrap\x64\debug\bootstrap.bsc
c:\users\s200500\desktop\yes\aiebootstrap-master\aiebootstrap-master\physicsproject\temp\bootstrap\x64\debug\bootstrap.tlog\bscmake.command.1.tlog
c:\users\s200500\desktop\yes\aiebootstrap-master\aiebootstrap-master\physicsproject\temp\bootstrap\x64\debug\bootstrap.tlog\bscmake.read.1.tlog
c:\users\s200500\desktop\yes\aiebootstrap-master\aiebootstrap-master\physicsproject\temp\bootstrap\x64\debug\bootstrap.tlog\cl.command.1.tlog
c:\users\s200500\desktop\yes\aiebootstrap-master\aiebootstrap-master\physicsproject\temp\bootstrap\x64\debug\bootstrap.tlog\cl.read.1.tlog
c:\users\s200500\desktop\yes\aiebootstrap-master\aiebootstrap-master\physicsproject\temp\bootstrap\x64\debug\bootstrap.tlog\cl.write.1.tlog
c:\users\s200500\desktop\yes\aiebootstrap-master\aiebootstrap-master\physicsproject\temp\bootstrap\x64\debug\bootstrap.tlog\lib-link.read.1.tlog
c:\users\s200500\desktop\yes\aiebootstrap-master\aiebootstrap-master\physicsproject\temp\bootstrap\x64\debug\bootstrap.tlog\lib-link.write.1.tlog
c:\users\s200500\desktop\yes\aiebootstrap-master\aiebootstrap-master\physicsproject\temp\bootstrap\x64\debug\bootstrap.tlog\lib.command.1.tlog
